# JRE version: Java(TM) SE Runtime Environment (11.0.5+10) (build 11.0.5+10-LTS)
# Java VM: Java HotSpot(TM) 64-Bit Server VM (11.0.5+10-LTS, mixed mode, tiered, compressed oops, g1 gc, windows-amd64)
Heap:
 garbage-first heap   total 157696K, used 15662K [0x0000000080e00000, 0x0000000100000000)
  region size 1024K, 13 young (13312K), 8 survivors (8192K)
 Metaspace       used 30142K, capacity 30868K, committed 31024K, reserved 1077248K
  class space    used 3383K, capacity 3661K, committed 3712K, reserved 1048576K
GC Heap History (10 events):
Event: 0.437 GC heap before
{Heap before GC invocations=0 (full 0):
 garbage-first heap   total 131072K, used 13312K [0x0000000080e00000, 0x0000000100000000)
  region size 1024K, 14 young (14336K), 0 survivors (0K)
 Metaspace       used 11081K, capacity 11209K, committed 11520K, reserved 1058816K
  class space    used 1112K, capacity 1184K, committed 1280K, reserved 1048576K
}
Event: 0.441 GC heap after
{Heap after GC invocations=1 (full 0):
 garbage-first heap   total 131072K, used 3064K [0x0000000080e00000, 0x0000000100000000)
  region size 1024K, 2 young (2048K), 2 survivors (2048K)
 Metaspace       used 11081K, capacity 11209K, committed 11520K, reserved 1058816K
  class space    used 1112K, capacity 1184K, committed 1280K, reserved 1048576K
}
Event: 0.664 GC heap before
{Heap before GC invocations=1 (full 0):
 garbage-first heap   total 131072K, used 18424K [0x0000000080e00000, 0x0000000100000000)
  region size 1024K, 17 young (17408K), 2 survivors (2048K)
 Metaspace       used 12562K, capacity 12755K, committed 12928K, reserved 1060864K
  class space    used 1307K, capacity 1379K, committed 1408K, reserved 1048576K
}
Event: 0.668 GC heap after
{Heap after GC invocations=2 (full 0):
 garbage-first heap   total 131072K, used 3602K [0x0000000080e00000, 0x0000000100000000)
  region size 1024K, 1 young (1024K), 1 survivors (1024K)
 Metaspace       used 12562K, capacity 12755K, committed 12928K, reserved 1060864K
  class space    used 1307K, capacity 1379K, committed 1408K, reserved 1048576K
}
Event: 1.037 GC heap before
{Heap before GC invocations=2 (full 0):
 garbage-first heap   total 131072K, used 28178K [0x0000000080e00000, 0x0000000100000000)
  region size 1024K, 25 young (25600K), 1 survivors (1024K)
 Metaspace       used 16839K, capacity 17047K, committed 17152K, reserved 1064960K
  class space    used 1861K, capacity 1971K, committed 2048K, reserved 1048576K
}
Event: 1.041 GC heap after
{Heap after GC invocations=3 (full 0):
 garbage-first heap   total 131072K, used 5040K [0x0000000080e00000, 0x0000000100000000)
  region size 1024K, 2 young (2048K), 2 survivors (2048K)
 Metaspace       used 16839K, capacity 17047K, committed 17152K, reserved 1064960K
  class space    used 1861K, capacity 1971K, committed 2048K, reserved 1048576K
}
Event: 1.724 GC heap before
{Heap before GC invocations=3 (full 0):
 garbage-first heap   total 131072K, used 40880K [0x0000000080e00000, 0x0000000100000000)
  region size 1024K, 38 young (38912K), 2 survivors (2048K)
 Metaspace       used 20829K, capacity 21199K, committed 21296K, reserved 1069056K
  class space    used 2261K, capacity 2387K, committed 2432K, reserved 1048576K
}
Event: 1.733 GC heap after
{Heap after GC invocations=4 (full 0):
 garbage-first heap   total 131072K, used 7418K [0x0000000080e00000, 0x0000000100000000)
  region size 1024K, 5 young (5120K), 5 survivors (5120K)
 Metaspace       used 20829K, capacity 21199K, committed 21296K, reserved 1069056K
  class space    used 2261K, capacity 2387K, committed 2432K, reserved 1048576K
}
Event: 2.655 GC heap before
{Heap before GC invocations=5 (full 0):
 garbage-first heap   total 131072K, used 61690K [0x0000000080e00000, 0x0000000100000000)
  region size 1024K, 58 young (59392K), 5 survivors (5120K)
 Metaspace       used 30005K, capacity 30696K, committed 31024K, reserved 1077248K
  class space    used 3370K, capacity 3621K, committed 3712K, reserved 1048576K
}
Event: 2.668 GC heap after
{Heap after GC invocations=6 (full 0):
 garbage-first heap   total 157696K, used 11566K [0x0000000080e00000, 0x0000000100000000)
  region size 1024K, 8 young (8192K), 8 survivors (8192K)
 Metaspace       used 30005K, capacity 30696K, committed 31024K, reserved 1077248K
  class space    used 3370K, capacity 3621K, committed 3712K, reserved 1048576K
}

